[31m2026-06-26 12:46:10 [ERROR][0m uncaughtException: More than 10% of the data file is corrupt, the wrong beforeDeserialization hook may be used. Cautiously refusing to start NeDB to prevent dataloss
Error: More than 10% of the data file is corrupt, the wrong beforeDeserialization hook may be used. Cautiously refusing to start NeDB to prevent dataloss
    at Persistence.treatRawData (C:\Dev-Projects\Scouting\napkin-store-master\backend\node_modules\nedb\lib\persistence.js:242:11)
    at C:\Dev-Projects\Scouting\napkin-store-master\backend\node_modules\nedb\lib\persistence.js:281:38
    at FSReqCallback.readFileAfterClose [as oncomplete] (node:internal/fs/read/context:68:3) {
  "error": {},
  "stack": "Error: More than 10% of the data file is corrupt, the wrong beforeDeserialization hook may be used. Cautiously refusing to start NeDB to prevent dataloss\n    at Persistence.treatRawData (C:\\Dev-Projects\\Scouting\\napkin-store-master\\backend\\node_modules\\nedb\\lib\\persistence.js:242:11)\n    at C:\\Dev-Projects\\Scouting\\napkin-store-master\\backend\\node_modules\\nedb\\lib\\persistence.js:281:38\n    at FSReqCallback.readFileAfterClose [as oncomplete] (node:internal/fs/read/context:68:3)",
  "exception": true,
  "date": "Fri Jun 26 2026 12:46:10 GMT+0100 (West Africa Standard Time)",
  "process": {
    "pid": 28300,
    "uid": null,
    "gid": null,
    "cwd": "C:\\Dev-Projects\\Scouting\\napkin-store-master\\backend",
    "execPath": "C:\\Program Files\\nodejs\\node.exe",
    "version": "v22.21.1",
    "argv": [
      "C:\\Program Files\\nodejs\\node.exe",
      "C:\\Dev-Projects\\Scouting\\napkin-store-master\\backend\\src\\index.ts"
    ],
    "memoryUsage": {
      "rss": 93020160,
      "heapTotal": 33652736,
      "heapUsed": 14604216,
      "external": 4394742,
      "arrayBuffers": 179726
    }
  },
  "os": {
    "loadavg": [
      0,
      0,
      0
    ],
    "uptime": 17228.593
  },
  "trace": [
    {
      "column": 11,
      "file": "C:\\Dev-Projects\\Scouting\\napkin-store-master\\backend\\node_modules\\nedb\\lib\\persistence.js",
      "function": "Persistence.treatRawData",
      "line": 242,
      "method": "treatRawData",
      "native": false
    },
    {
      "column": 38,
      "file": "C:\\Dev-Projects\\Scouting\\napkin-store-master\\backend\\node_modules\\nedb\\lib\\persistence.js",
      "function": null,
      "line": 281,
      "method": null,
      "native": false
    },
    {
      "column": 3,
      "file": "node:internal/fs/read/context",
      "function": "FSReqCallback.readFileAfterClose [as oncomplete]",
      "line": 68,
      "method": "readFileAfterClose [as oncomplete]",
      "native": false
    }
  ]
}
